# JRE version: Java(TM) SE Runtime Environment (8.0_371) (build 1.8.0_371-b11)
# Java VM: Java HotSpot(TM) 64-Bit Server VM (25.371-b11 mixed mode windows-amd64 compressed oops)
Heap:
 PSYoungGen      total 224256K, used 57590K [0x00000000d7380000, 0x00000000e5f00000, 0x0000000100000000)
  eden space 208384K, 27% used [0x00000000d7380000,0x00000000dabbdbb8,0x00000000e3f00000)
  from space 15872K, 0% used [0x00000000e4f80000,0x00000000e4f80000,0x00000000e5f00000)
  to   space 16384K, 0% used [0x00000000e3f00000,0x00000000e3f00000,0x00000000e4f00000)
 ParOldGen       total 81408K, used 23063K [0x0000000085a00000, 0x000000008a980000, 0x00000000d7380000)
  object space 81408K, 28% used [0x0000000085a00000,0x0000000087085f18,0x000000008a980000)
 Metaspace       used 59324K, capacity 62344K, committed 62464K, reserved 1103872K
  class space    used 7894K, capacity 8428K, committed 8448K, reserved 1048576K
GC Heap History (10 events):
Event: 7.301 GC heap before
{Heap before GC invocations=9 (full 1):
 PSYoungGen      total 133120K, used 23288K [0x00000000d7380000, 0x00000000e2680000, 0x0000000100000000)
  eden space 124928K, 12% used [0x00000000d7380000,0x00000000d823ee60,0x00000000ded80000)
  from space 8192K, 99% used [0x00000000ded80000,0x00000000df57f560,0x00000000df580000)
  to   space 11776K, 0% used [0x00000000e1b00000,0x00000000e1b00000,0x00000000e2680000)
 ParOldGen       total 53760K, used 11997K [0x0000000085a00000, 0x0000000088e80000, 0x00000000d7380000)
  object space 53760K, 22% used [0x0000000085a00000,0x00000000865b7540,0x0000000088e80000)
 Metaspace       used 33374K, capacity 35352K, committed 35416K, reserved 1081344K
  class space    used 4201K, capacity 4584K, committed 4608K, reserved 1048576K
Event: 7.314 GC heap after
Heap after GC invocations=9 (full 1):
 PSYoungGen      total 171520K, used 8513K [0x00000000d7380000, 0x00000000e5680000, 0x0000000100000000)
  eden space 159744K, 0% used [0x00000000d7380000,0x00000000d7380000,0x00000000e0f80000)
  from space 11776K, 72% used [0x00000000e1b00000,0x00000000e2350600,0x00000000e2680000)
  to   space 11776K, 0% used [0x00000000e0f80000,0x00000000e0f80000,0x00000000e1b00000)
 ParOldGen       total 53760K, used 12069K [0x0000000085a00000, 0x0000000088e80000, 0x00000000d7380000)
  object space 53760K, 22% used [0x0000000085a00000,0x00000000865c9550,0x0000000088e80000)
 Metaspace       used 33374K, capacity 35352K, committed 35416K, reserved 1081344K
  class space    used 4201K, capacity 4584K, committed 4608K, reserved 1048576K
}
Event: 7.314 GC heap before
{Heap before GC invocations=10 (full 2):
 PSYoungGen      total 171520K, used 8513K [0x00000000d7380000, 0x00000000e5680000, 0x0000000100000000)
  eden space 159744K, 0% used [0x00000000d7380000,0x00000000d7380000,0x00000000e0f80000)
  from space 11776K, 72% used [0x00000000e1b00000,0x00000000e2350600,0x00000000e2680000)
  to   space 11776K, 0% used [0x00000000e0f80000,0x00000000e0f80000,0x00000000e1b00000)
 ParOldGen       total 53760K, used 12069K [0x0000000085a00000, 0x0000000088e80000, 0x00000000d7380000)
  object space 53760K, 22% used [0x0000000085a00000,0x00000000865c9550,0x0000000088e80000)
 Metaspace       used 33374K, capacity 35352K, committed 35416K, reserved 1081344K
  class space    used 4201K, capacity 4584K, committed 4608K, reserved 1048576K
Event: 7.399 GC heap after
Heap after GC invocations=10 (full 2):
 PSYoungGen      total 171520K, used 0K [0x00000000d7380000, 0x00000000e5680000, 0x0000000100000000)
  eden space 159744K, 0% used [0x00000000d7380000,0x00000000d7380000,0x00000000e0f80000)
  from space 11776K, 0% used [0x00000000e1b00000,0x00000000e1b00000,0x00000000e2680000)
  to   space 11776K, 0% used [0x00000000e0f80000,0x00000000e0f80000,0x00000000e1b00000)
 ParOldGen       total 81408K, used 13420K [0x0000000085a00000, 0x000000008a980000, 0x00000000d7380000)
  object space 81408K, 16% used [0x0000000085a00000,0x000000008671b140,0x000000008a980000)
 Metaspace       used 33374K, capacity 35352K, committed 35416K, reserved 1081344K
  class space    used 4201K, capacity 4584K, committed 4608K, reserved 1048576K
}
Event: 11.495 GC heap before
{Heap before GC invocations=11 (full 2):
 PSYoungGen      total 171520K, used 159744K [0x00000000d7380000, 0x00000000e5680000, 0x0000000100000000)
  eden space 159744K, 100% used [0x00000000d7380000,0x00000000e0f80000,0x00000000e0f80000)
  from space 11776K, 0% used [0x00000000e1b00000,0x00000000e1b00000,0x00000000e2680000)
  to   space 11776K, 0% used [0x00000000e0f80000,0x00000000e0f80000,0x00000000e1b00000)
 ParOldGen       total 81408K, used 13420K [0x0000000085a00000, 0x000000008a980000, 0x00000000d7380000)
  object space 81408K, 16% used [0x0000000085a00000,0x000000008671b140,0x000000008a980000)
 Metaspace       used 52628K, capacity 55026K, committed 55296K, reserved 1097728K
  class space    used 6953K, capacity 7387K, committed 7424K, reserved 1048576K
Event: 11.524 GC heap after
Heap after GC invocations=11 (full 2):
 PSYoungGen      total 171520K, used 11756K [0x00000000d7380000, 0x00000000e5f00000, 0x0000000100000000)
  eden space 159744K, 0% used [0x00000000d7380000,0x00000000d7380000,0x00000000e0f80000)
  from space 11776K, 99% used [0x00000000e0f80000,0x00000000e1afb168,0x00000000e1b00000)
  to   space 15872K, 0% used [0x00000000e4f80000,0x00000000e4f80000,0x00000000e5f00000)
 ParOldGen       total 81408K, used 20698K [0x0000000085a00000, 0x000000008a980000, 0x00000000d7380000)
  object space 81408K, 25% used [0x0000000085a00000,0x0000000086e36908,0x000000008a980000)
 Metaspace       used 52628K, capacity 55026K, committed 55296K, reserved 1097728K
  class space    used 6953K, capacity 7387K, committed 7424K, reserved 1048576K
}
Event: 12.919 GC heap before
{Heap before GC invocations=12 (full 2):
 PSYoungGen      total 171520K, used 77513K [0x00000000d7380000, 0x00000000e5f00000, 0x0000000100000000)
  eden space 159744K, 41% used [0x00000000d7380000,0x00000000db3b7550,0x00000000e0f80000)
  from space 11776K, 99% used [0x00000000e0f80000,0x00000000e1afb168,0x00000000e1b00000)
  to   space 15872K, 0% used [0x00000000e4f80000,0x00000000e4f80000,0x00000000e5f00000)
 ParOldGen       total 81408K, used 20698K [0x0000000085a00000, 0x000000008a980000, 0x00000000d7380000)
  object space 81408K, 25% used [0x0000000085a00000,0x0000000086e36908,0x000000008a980000)
 Metaspace       used 56271K, capacity 58902K, committed 59028K, reserved 1099776K
  class space    used 7489K, capacity 7949K, committed 8064K, reserved 1048576K
Event: 12.940 GC heap after
Heap after GC invocations=12 (full 2):
 PSYoungGen      total 224256K, used 11415K [0x00000000d7380000, 0x00000000e5f00000, 0x0000000100000000)
  eden space 208384K, 0% used [0x00000000d7380000,0x00000000d7380000,0x00000000e3f00000)
  from space 15872K, 71% used [0x00000000e4f80000,0x00000000e5aa5e78,0x00000000e5f00000)
  to   space 16384K, 0% used [0x00000000e3f00000,0x00000000e3f00000,0x00000000e4f00000)
 ParOldGen       total 81408K, used 20706K [0x0000000085a00000, 0x000000008a980000, 0x00000000d7380000)
  object space 81408K, 25% used [0x0000000085a00000,0x0000000086e38908,0x000000008a980000)
 Metaspace       used 56271K, capacity 58902K, committed 59028K, reserved 1099776K
  class space    used 7489K, capacity 7949K, committed 8064K, reserved 1048576K
}
Event: 12.940 GC heap before
{Heap before GC invocations=13 (full 3):
 PSYoungGen      total 224256K, used 11415K [0x00000000d7380000, 0x00000000e5f00000, 0x0000000100000000)
  eden space 208384K, 0% used [0x00000000d7380000,0x00000000d7380000,0x00000000e3f00000)
  from space 15872K, 71% used [0x00000000e4f80000,0x00000000e5aa5e78,0x00000000e5f00000)
  to   space 16384K, 0% used [0x00000000e3f00000,0x00000000e3f00000,0x00000000e4f00000)
 ParOldGen       total 81408K, used 20706K [0x0000000085a00000, 0x000000008a980000, 0x00000000d7380000)
  object space 81408K, 25% used [0x0000000085a00000,0x0000000086e38908,0x000000008a980000)
 Metaspace       used 56271K, capacity 58902K, committed 59028K, reserved 1099776K
  class space    used 7489K, capacity 7949K, committed 8064K, reserved 1048576K
Event: 13.188 GC heap after
Heap after GC invocations=13 (full 3):
 PSYoungGen      total 224256K, used 0K [0x00000000d7380000, 0x00000000e5f00000, 0x0000000100000000)
  eden space 208384K, 0% used [0x00000000d7380000,0x00000000d7380000,0x00000000e3f00000)
  from space 15872K, 0% used [0x00000000e4f80000,0x00000000e4f80000,0x00000000e5f00000)
  to   space 16384K, 0% used [0x00000000e3f00000,0x00000000e3f00000,0x00000000e4f00000)
 ParOldGen       total 81408K, used 23063K [0x0000000085a00000, 0x000000008a980000, 0x00000000d7380000)
  object space 81408K, 28% used [0x0000000085a00000,0x0000000087085f18,0x000000008a980000)
 Metaspace       used 56264K, capacity 58890K, committed 59028K, reserved 1099776K
  class space    used 7488K, capacity 7947K, committed 8064K, reserved 1048576K
}

