# JRE version: Java(TM) SE Runtime Environment (8.0_371) (build 1.8.0_371-b11)
# Java VM: Java HotSpot(TM) 64-Bit Server VM (25.371-b11 mixed mode windows-amd64 compressed oops)
Heap:
 PSYoungGen      total 306176K, used 224787K [0x00000000d7380000, 0x00000000ed300000, 0x0000000100000000)
  eden space 296960K, 75% used [0x00000000d7380000,0x00000000e4f04e38,0x00000000e9580000)
  from space 9216K, 0% used [0x00000000e9e80000,0x00000000e9e80000,0x00000000ea780000)
  to   space 9216K, 0% used [0x00000000e9580000,0x00000000e9580000,0x00000000e9e80000)
 ParOldGen       total 72704K, used 12815K [0x0000000085a00000, 0x000000008a100000, 0x00000000d7380000)
  object space 72704K, 17% used [0x0000000085a00000,0x0000000086683e20,0x000000008a100000)
 Metaspace       used 41760K, capacity 43900K, committed 44160K, reserved 1087488K
  class space    used 4841K, capacity 5242K, committed 5248K, reserved 1048576K
GC Heap History (10 events):
Event: 4.999 GC heap before
{Heap before GC invocations=8 (full 1):
 PSYoungGen      total 134144K, used 4231K [0x00000000d7380000, 0x00000000e7880000, 0x0000000100000000)
  eden space 126464K, 0% used [0x00000000d7380000,0x00000000d7380000,0x00000000def00000)
  from space 7680K, 55% used [0x00000000def00000,0x00000000df321c30,0x00000000df680000)
  to   space 7168K, 0% used [0x00000000e7180000,0x00000000e7180000,0x00000000e7880000)
 ParOldGen       total 84992K, used 4492K [0x0000000085a00000, 0x000000008ad00000, 0x00000000d7380000)
  object space 84992K, 5% used [0x0000000085a00000,0x0000000085e630d0,0x000000008ad00000)
 Metaspace       used 20399K, capacity 21122K, committed 21248K, reserved 1069056K
  class space    used 2310K, capacity 2486K, committed 2560K, reserved 1048576K
Event: 5.055 GC heap after
Heap after GC invocations=8 (full 1):
 PSYoungGen      total 134144K, used 0K [0x00000000d7380000, 0x00000000e7880000, 0x0000000100000000)
  eden space 126464K, 0% used [0x00000000d7380000,0x00000000d7380000,0x00000000def00000)
  from space 7680K, 0% used [0x00000000def00000,0x00000000def00000,0x00000000df680000)
  to   space 7168K, 0% used [0x00000000e7180000,0x00000000e7180000,0x00000000e7880000)
 ParOldGen       total 49152K, used 6423K [0x0000000085a00000, 0x0000000088a00000, 0x00000000d7380000)
  object space 49152K, 13% used [0x0000000085a00000,0x0000000086045e00,0x0000000088a00000)
 Metaspace       used 20399K, capacity 21122K, committed 21248K, reserved 1069056K
  class space    used 2310K, capacity 2486K, committed 2560K, reserved 1048576K
}
Event: 5.955 GC heap before
{Heap before GC invocations=9 (full 1):
 PSYoungGen      total 134144K, used 126464K [0x00000000d7380000, 0x00000000e7880000, 0x0000000100000000)
  eden space 126464K, 100% used [0x00000000d7380000,0x00000000def00000,0x00000000def00000)
  from space 7680K, 0% used [0x00000000def00000,0x00000000def00000,0x00000000df680000)
  to   space 7168K, 0% used [0x00000000e7180000,0x00000000e7180000,0x00000000e7880000)
 ParOldGen       total 49152K, used 6424K [0x0000000085a00000, 0x0000000088a00000, 0x00000000d7380000)
  object space 49152K, 13% used [0x0000000085a00000,0x0000000086046110,0x0000000088a00000)
 Metaspace       used 24228K, capacity 25098K, committed 25344K, reserved 1071104K
  class space    used 2761K, capacity 2962K, committed 3072K, reserved 1048576K
Event: 5.961 GC heap after
Heap after GC invocations=9 (full 1):
 PSYoungGen      total 219136K, used 4936K [0x00000000d7380000, 0x00000000e7680000, 0x0000000100000000)
  eden space 214016K, 0% used [0x00000000d7380000,0x00000000d7380000,0x00000000e4480000)
  from space 5120K, 96% used [0x00000000e7180000,0x00000000e76520a0,0x00000000e7680000)
  to   space 7168K, 0% used [0x00000000e6880000,0x00000000e6880000,0x00000000e6f80000)
 ParOldGen       total 49152K, used 6432K [0x0000000085a00000, 0x0000000088a00000, 0x00000000d7380000)
  object space 49152K, 13% used [0x0000000085a00000,0x0000000086048110,0x0000000088a00000)
 Metaspace       used 24228K, capacity 25098K, committed 25344K, reserved 1071104K
  class space    used 2761K, capacity 2962K, committed 3072K, reserved 1048576K
}
Event: 7.902 GC heap before
{Heap before GC invocations=10 (full 1):
 PSYoungGen      total 219136K, used 218952K [0x00000000d7380000, 0x00000000e7680000, 0x0000000100000000)
  eden space 214016K, 100% used [0x00000000d7380000,0x00000000e4480000,0x00000000e4480000)
  from space 5120K, 96% used [0x00000000e7180000,0x00000000e76520a0,0x00000000e7680000)
  to   space 7168K, 0% used [0x00000000e6880000,0x00000000e6880000,0x00000000e6f80000)
 ParOldGen       total 49152K, used 6432K [0x0000000085a00000, 0x0000000088a00000, 0x00000000d7380000)
  object space 49152K, 13% used [0x0000000085a00000,0x0000000086048110,0x0000000088a00000)
 Metaspace       used 30626K, capacity 32124K, committed 32256K, reserved 1077248K
  class space    used 3506K, capacity 3822K, committed 3840K, reserved 1048576K
Event: 7.914 GC heap after
Heap after GC invocations=10 (full 1):
 PSYoungGen      total 258048K, used 7153K [0x00000000d7380000, 0x00000000ea780000, 0x0000000100000000)
  eden space 250880K, 0% used [0x00000000d7380000,0x00000000d7380000,0x00000000e6880000)
  from space 7168K, 99% used [0x00000000e6880000,0x00000000e6f7c618,0x00000000e6f80000)
  to   space 9216K, 0% used [0x00000000e9e80000,0x00000000e9e80000,0x00000000ea780000)
 ParOldGen       total 49152K, used 9697K [0x0000000085a00000, 0x0000000088a00000, 0x00000000d7380000)
  object space 49152K, 19% used [0x0000000085a00000,0x0000000086378648,0x0000000088a00000)
 Metaspace       used 30626K, capacity 32124K, committed 32256K, reserved 1077248K
  class space    used 3506K, capacity 3822K, committed 3840K, reserved 1048576K
}
Event: 9.439 GC heap before
{Heap before GC invocations=11 (full 1):
 PSYoungGen      total 258048K, used 73977K [0x00000000d7380000, 0x00000000ea780000, 0x0000000100000000)
  eden space 250880K, 26% used [0x00000000d7380000,0x00000000db4c1ed8,0x00000000e6880000)
  from space 7168K, 99% used [0x00000000e6880000,0x00000000e6f7c618,0x00000000e6f80000)
  to   space 9216K, 0% used [0x00000000e9e80000,0x00000000e9e80000,0x00000000ea780000)
 ParOldGen       total 49152K, used 9697K [0x0000000085a00000, 0x0000000088a00000, 0x00000000d7380000)
  object space 49152K, 19% used [0x0000000085a00000,0x0000000086378648,0x0000000088a00000)
 Metaspace       used 33362K, capacity 35262K, committed 35416K, reserved 1081344K
  class space    used 3860K, capacity 4239K, committed 4352K, reserved 1048576K
Event: 9.450 GC heap after
Heap after GC invocations=11 (full 1):
 PSYoungGen      total 306176K, used 6563K [0x00000000d7380000, 0x00000000ed300000, 0x0000000100000000)
  eden space 296960K, 0% used [0x00000000d7380000,0x00000000d7380000,0x00000000e9580000)
  from space 9216K, 71% used [0x00000000e9e80000,0x00000000ea4e8cd0,0x00000000ea780000)
  to   space 9216K, 0% used [0x00000000e9580000,0x00000000e9580000,0x00000000e9e80000)
 ParOldGen       total 49152K, used 11015K [0x0000000085a00000, 0x0000000088a00000, 0x00000000d7380000)
  object space 49152K, 22% used [0x0000000085a00000,0x00000000864c1fc8,0x0000000088a00000)
 Metaspace       used 33362K, capacity 35262K, committed 35416K, reserved 1081344K
  class space    used 3860K, capacity 4239K, committed 4352K, reserved 1048576K
}
Event: 9.450 GC heap before
{Heap before GC invocations=12 (full 2):
 PSYoungGen      total 306176K, used 6563K [0x00000000d7380000, 0x00000000ed300000, 0x0000000100000000)
  eden space 296960K, 0% used [0x00000000d7380000,0x00000000d7380000,0x00000000e9580000)
  from space 9216K, 71% used [0x00000000e9e80000,0x00000000ea4e8cd0,0x00000000ea780000)
  to   space 9216K, 0% used [0x00000000e9580000,0x00000000e9580000,0x00000000e9e80000)
 ParOldGen       total 49152K, used 11015K [0x0000000085a00000, 0x0000000088a00000, 0x00000000d7380000)
  object space 49152K, 22% used [0x0000000085a00000,0x00000000864c1fc8,0x0000000088a00000)
 Metaspace       used 33362K, capacity 35262K, committed 35416K, reserved 1081344K
  class space    used 3860K, capacity 4239K, committed 4352K, reserved 1048576K
Event: 9.497 GC heap after
Heap after GC invocations=12 (full 2):
 PSYoungGen      total 306176K, used 0K [0x00000000d7380000, 0x00000000ed300000, 0x0000000100000000)
  eden space 296960K, 0% used [0x00000000d7380000,0x00000000d7380000,0x00000000e9580000)
  from space 9216K, 0% used [0x00000000e9e80000,0x00000000e9e80000,0x00000000ea780000)
  to   space 9216K, 0% used [0x00000000e9580000,0x00000000e9580000,0x00000000e9e80000)
 ParOldGen       total 72704K, used 12815K [0x0000000085a00000, 0x000000008a100000, 0x00000000d7380000)
  object space 72704K, 17% used [0x0000000085a00000,0x0000000086683e20,0x000000008a100000)
 Metaspace       used 33362K, capacity 35262K, committed 35416K, reserved 1081344K
  class space    used 3860K, capacity 4239K, committed 4352K, reserved 1048576K
}

